#
# There is insufficient memory for the Java Runtime Environment to continue.
# Native memory allocation (malloc) failed to allocate 1975216 bytes for Chunk::new
# Possible reasons:
#   The system is out of physical RAM or swap space
#   The process is running with CompressedOops enabled, and the Java Heap may be blocking the growth of the native heap
# Possible solutions:
#   Reduce memory load on the system
#   Increase physical memory or swap space
#   Check if swap backing store is full
#   Decrease Java heap size (-Xmx/-Xms)
#   Decrease number of Java threads
#   Decrease Java thread stack sizes (-Xss)
#   Set larger code cache with -XX:ReservedCodeCacheSize=
#   JVM is running with Zero Based Compressed Oops mode in which the Java heap is
#     placed in the first 32GB address space. The Java Heap base address is the
#     maximum limit for the native heap growth. Please use -XX:HeapBaseMinAddress
#     to set the Java Heap base and to place the Java Heap above 32GB virtual address.
# This output file may be truncated or incomplete.
#
#  Out of Memory Error (arena.cpp:189), pid=6572, tid=28032
#
# JRE version: OpenJDK Runtime Environment Temurin-17.0.6+10 (17.0.6+10) (build 17.0.6+10)
# Java VM: OpenJDK 64-Bit Server VM Temurin-17.0.6+10 (17.0.6+10, mixed mode, sharing, tiered, compressed oops, compressed class ptrs, g1 gc, windows-amd64)
# No core dump will be written. Minidumps are not enabled by default on client versions of Windows
#

---------------  S U M M A R Y ------------

Command Line: --add-opens=java.base/java.util=ALL-UNNAMED --add-opens=java.base/java.lang=ALL-UNNAMED --add-opens=java.base/java.lang.invoke=ALL-UNNAMED --add-opens=java.base/java.util=ALL-UNNAMED --add-opens=java.prefs/java.util.prefs=ALL-UNNAMED --add-opens=java.prefs/java.util.prefs=ALL-UNNAMED --add-opens=java.base/java.nio.charset=ALL-UNNAMED --add-opens=java.base/java.net=ALL-UNNAMED --add-opens=java.base/java.util.concurrent.atomic=ALL-UNNAMED -Xmx3G -Dfile.encoding=windows-1252 -Duser.country=ID -Duser.language=en -Duser.variant org.gradle.launcher.daemon.bootstrap.GradleDaemon 7.4.2

Host: Intel(R) Core(TM) i3-10110U CPU @ 2.10GHz, 4 cores, 3G,  Windows 11 , 64 bit Build 22621 (10.0.22621.1344)
Time: Sun Apr  2 12:45:09 2023 SE Asia Standard Time elapsed time: 5.913174 seconds (0d 0h 0m 5s)

---------------  T H R E A D  ---------------

Current thread (0x0000029663daf570):  JavaThread "C2 CompilerThread0" daemon [_thread_in_native, id=28032, stack(0x0000009be2f00000,0x0000009be3000000)]


Current CompileTask:
C2:   5913 2054   !   4       java.lang.ClassLoader::loadClass (121 bytes)

Stack: [0x0000009be2f00000,0x0000009be3000000]
Native frames: (J=compiled Java code, j=interpreted, Vv=VM code, C=native code)
V  [jvm.dll+0x67741a]
V  [jvm.dll+0x834434]
V  [jvm.dll+0x835bde]
V  [jvm.dll+0x836243]
V  [jvm.dll+0x2457b5]
V  [jvm.dll+0xabafc]
V  [jvm.dll+0xac0cc]
V  [jvm.dll+0x363492]
V  [jvm.dll+0x32dda1]
V  [jvm.dll+0x32d24a]
V  [jvm.dll+0x2185f1]
V  [jvm.dll+0x217a11]
V  [jvm.dll+0x1a3d0d]
V  [jvm.dll+0x22742a]
V  [jvm.dll+0x225565]
V  [jvm.dll+0x7ea2cb]
V  [jvm.dll+0x7e483a]
V  [jvm.dll+0x6762c5]
C  [ucrtbase.dll+0x29363]
C  [KERNEL32.DLL+0x126bd]
C  [ntdll.dll+0x5a9f8]


---------------  P R O C E S S  ---------------

Threads class SMR info:
_java_thread_list=0x00000296663325b0, length=25, elements={
0x0000029641c9ab90, 0x0000029663d84910, 0x0000029663d854c0, 0x0000029663d9e830,
0x0000029663d9f0f0, 0x0000029663da29d0, 0x0000029663da3380, 0x0000029663daf570,
0x0000029663db1f70, 0x0000029663dc5050, 0x00000296648a4900, 0x00000296648a4dd0,
0x0000029665c32190, 0x0000029665d23600, 0x0000029665d7bd70, 0x0000029665d63cd0,
0x0000029665de6fe0, 0x0000029665e77530, 0x0000029665e79210, 0x0000029665e77ed0,
0x0000029665e78d40, 0x0000029665e7a080, 0x0000029665e79bb0, 0x0000029665e7a550,
0x0000029665e77a00
}

Java Threads: ( => current thread )
  0x0000029641c9ab90 JavaThread "main" [_thread_blocked, id=26116, stack(0x0000009be2200000,0x0000009be2300000)]
  0x0000029663d84910 JavaThread "Reference Handler" daemon [_thread_blocked, id=20328, stack(0x0000009be2900000,0x0000009be2a00000)]
  0x0000029663d854c0 JavaThread "Finalizer" daemon [_thread_blocked, id=22936, stack(0x0000009be2a00000,0x0000009be2b00000)]
  0x0000029663d9e830 JavaThread "Signal Dispatcher" daemon [_thread_blocked, id=7372, stack(0x0000009be2b00000,0x0000009be2c00000)]
  0x0000029663d9f0f0 JavaThread "Attach Listener" daemon [_thread_blocked, id=3836, stack(0x0000009be2c00000,0x0000009be2d00000)]
  0x0000029663da29d0 JavaThread "Service Thread" daemon [_thread_blocked, id=24560, stack(0x0000009be2d00000,0x0000009be2e00000)]
  0x0000029663da3380 JavaThread "Monitor Deflation Thread" daemon [_thread_blocked, id=27312, stack(0x0000009be2e00000,0x0000009be2f00000)]
=>0x0000029663daf570 JavaThread "C2 CompilerThread0" daemon [_thread_in_native, id=28032, stack(0x0000009be2f00000,0x0000009be3000000)]
  0x0000029663db1f70 JavaThread "C1 CompilerThread0" daemon [_thread_blocked, id=27508, stack(0x0000009be3000000,0x0000009be3100000)]
  0x0000029663dc5050 JavaThread "Sweeper thread" daemon [_thread_blocked, id=9240, stack(0x0000009be3100000,0x0000009be3200000)]
  0x00000296648a4900 JavaThread "Common-Cleaner" daemon [_thread_blocked, id=24072, stack(0x0000009be3200000,0x0000009be3300000)]
  0x00000296648a4dd0 JavaThread "Notification Thread" daemon [_thread_blocked, id=25280, stack(0x0000009be3300000,0x0000009be3400000)]
  0x0000029665c32190 JavaThread "Daemon health stats" [_thread_blocked, id=27864, stack(0x0000009be3800000,0x0000009be3900000)]
  0x0000029665d23600 JavaThread "Incoming local TCP Connector on port 54677" [_thread_in_native, id=18492, stack(0x0000009be3900000,0x0000009be3a00000)]
  0x0000029665d7bd70 JavaThread "Daemon periodic checks" [_thread_blocked, id=15524, stack(0x0000009be3a00000,0x0000009be3b00000)]
  0x0000029665d63cd0 JavaThread "Daemon" [_thread_blocked, id=26908, stack(0x0000009be3b00000,0x0000009be3c00000)]
  0x0000029665de6fe0 JavaThread "Handler for socket connection from /127.0.0.1:54677 to /127.0.0.1:54678" [_thread_in_native, id=18300, stack(0x0000009be3c00000,0x0000009be3d00000)]
  0x0000029665e77530 JavaThread "Cancel handler" [_thread_blocked, id=22216, stack(0x0000009be3d00000,0x0000009be3e00000)]
  0x0000029665e79210 JavaThread "Daemon worker" [_thread_in_Java, id=27336, stack(0x0000009be3e00000,0x0000009be3f00000)]
  0x0000029665e77ed0 JavaThread "Asynchronous log dispatcher for DefaultDaemonConnection: socket connection from /127.0.0.1:54677 to /127.0.0.1:54678" [_thread_blocked, id=28092, stack(0x0000009be3f00000,0x0000009be4000000)]
  0x0000029665e78d40 JavaThread "Stdin handler" [_thread_blocked, id=27744, stack(0x0000009be4000000,0x0000009be4100000)]
  0x0000029665e7a080 JavaThread "Daemon client event forwarder" [_thread_blocked, id=19996, stack(0x0000009be4100000,0x0000009be4200000)]
  0x0000029665e79bb0 JavaThread "Cache worker for journal cache (C:\Users\imamm\.gradle\caches\journal-1)" [_thread_blocked, id=17368, stack(0x0000009be4200000,0x0000009be4300000)]
  0x0000029665e7a550 JavaThread "File lock request listener" [_thread_in_native, id=25576, stack(0x0000009be4300000,0x0000009be4400000)]
  0x0000029665e77a00 JavaThread "Cache worker for file hash cache (C:\Users\imamm\.gradle\caches\7.4.2\fileHashes)" [_thread_blocked, id=28520, stack(0x0000009be4400000,0x0000009be4500000)]

Other Threads:
  0x0000029663d7e2b0 VMThread "VM Thread" [stack: 0x0000009be2800000,0x0000009be2900000] [id=28380]
  0x0000029641d0f3d0 WatcherThread [stack: 0x0000009be3400000,0x0000009be3500000] [id=27860]
  0x0000029641cf2b30 GCTaskThread "GC Thread#0" [stack: 0x0000009be2300000,0x0000009be2400000] [id=19644]
  0x0000029664b57110 GCTaskThread "GC Thread#1" [stack: 0x0000009be3500000,0x0000009be3600000] [id=26184]
  0x0000029664aa4940 GCTaskThread "GC Thread#2" [stack: 0x0000009be3600000,0x0000009be3700000] [id=27404]
  0x000002966519ed90 GCTaskThread "GC Thread#3" [stack: 0x0000009be3700000,0x0000009be3800000] [id=14704]
  0x0000029641d00370 ConcurrentGCThread "G1 Main Marker" [stack: 0x0000009be2400000,0x0000009be2500000] [id=17424]
  0x0000029641d00ee0 ConcurrentGCThread "G1 Conc#0" [stack: 0x0000009be2500000,0x0000009be2600000] [id=10364]
  0x0000029641d59360 ConcurrentGCThread "G1 Refine#0" [stack: 0x0000009be2600000,0x0000009be2700000] [id=28200]
  0x0000029641d5ac30 ConcurrentGCThread "G1 Service" [stack: 0x0000009be2700000,0x0000009be2800000] [id=5568]

Threads with active compile tasks:
C2 CompilerThread0     5965 2054   !   4       java.lang.ClassLoader::loadClass (121 bytes)

VM state: not at safepoint (normal execution)

VM Mutex/Monitor currently owned by a thread: None

Heap address: 0x0000000740000000, size: 3072 MB, Compressed Oops mode: Zero based, Oop shift amount: 3

CDS archive(s) mapped at: [0x0000000800000000-0x0000000800bc0000-0x0000000800bc0000), size 12320768, SharedBaseAddress: 0x0000000800000000, ArchiveRelocationMode: 0.
Compressed class space mapped at: 0x0000000800c00000-0x0000000840c00000, reserved size: 1073741824
Narrow klass base: 0x0000000800000000, Narrow klass shift: 0, Narrow klass range: 0x100000000

GC Precious Log:
 CPUs: 4 total, 4 available
 Memory: 3930M
 Large Page Support: Disabled
 NUMA Support: Disabled
 Compressed Oops: Enabled (Zero based)
 Heap Region Size: 2M
 Heap Min Capacity: 8M
 Heap Initial Capacity: 62M
 Heap Max Capacity: 3G
 Pre-touch: Disabled
 Parallel Workers: 4
 Concurrent Workers: 1
 Concurrent Refinement Workers: 4
 Periodic GC: Disabled

Heap:
 garbage-first heap   total 63488K, used 24624K [0x0000000740000000, 0x0000000800000000)
  region size 2048K, 5 young (10240K), 1 survivors (2048K)
 Metaspace       used 13424K, committed 13696K, reserved 1064960K
  class space    used 1915K, committed 2048K, reserved 1048576K

Heap Regions: E=young(eden), S=young(survivor), O=old, HS=humongous(starts), HC=humongous(continues), CS=collection set, F=free, OA=open archive, CA=closed archive, TAMS=top-at-mark-start (previous, next)
|   0|0x0000000740000000, 0x0000000740200000, 0x0000000740200000|100%|HS|  |TAMS 0x0000000740000000, 0x0000000740000000| Complete 
|   1|0x0000000740200000, 0x0000000740400000, 0x0000000740400000|100%|HC|  |TAMS 0x0000000740200000, 0x0000000740200000| Complete 
|   2|0x0000000740400000, 0x0000000740600000, 0x0000000740600000|100%| O|  |TAMS 0x0000000740400000, 0x0000000740400000| Untracked 
|   3|0x0000000740600000, 0x0000000740800000, 0x0000000740800000|100%| O|  |TAMS 0x0000000740600000, 0x0000000740600000| Untracked 
|   4|0x0000000740800000, 0x0000000740a00000, 0x0000000740a00000|100%| O|  |TAMS 0x0000000740800000, 0x0000000740800000| Untracked 
|   5|0x0000000740a00000, 0x0000000740c00000, 0x0000000740c00000|100%| O|  |TAMS 0x0000000740a00000, 0x0000000740a00000| Untracked 
|   6|0x0000000740c00000, 0x0000000740e00000, 0x0000000740e00000|100%| O|  |TAMS 0x0000000740c00000, 0x0000000740c00000| Untracked 
|   7|0x0000000740e00000, 0x0000000741000000, 0x0000000741000000|100%| O|  |TAMS 0x0000000740e00000, 0x0000000740e00000| Untracked 
|   8|0x0000000741000000, 0x000000074105fa00, 0x0000000741200000| 18%| O|  |TAMS 0x0000000741000000, 0x0000000741000000| Untracked 
|   9|0x0000000741200000, 0x0000000741200000, 0x0000000741400000|  0%| F|  |TAMS 0x0000000741200000, 0x0000000741200000| Untracked 
|  10|0x0000000741400000, 0x0000000741400000, 0x0000000741600000|  0%| F|  |TAMS 0x0000000741400000, 0x0000000741400000| Untracked 
|  11|0x0000000741600000, 0x0000000741600000, 0x0000000741800000|  0%| F|  |TAMS 0x0000000741600000, 0x0000000741600000| Untracked 
|  12|0x0000000741800000, 0x0000000741800000, 0x0000000741a00000|  0%| F|  |TAMS 0x0000000741800000, 0x0000000741800000| Untracked 
|  13|0x0000000741a00000, 0x0000000741a00000, 0x0000000741c00000|  0%| F|  |TAMS 0x0000000741a00000, 0x0000000741a00000| Untracked 
|  14|0x0000000741c00000, 0x0000000741c00000, 0x0000000741e00000|  0%| F|  |TAMS 0x0000000741c00000, 0x0000000741c00000| Untracked 
|  15|0x0000000741e00000, 0x0000000741e00000, 0x0000000742000000|  0%| F|  |TAMS 0x0000000741e00000, 0x0000000741e00000| Untracked 
|  16|0x0000000742000000, 0x0000000742000000, 0x0000000742200000|  0%| F|  |TAMS 0x0000000742000000, 0x0000000742000000| Untracked 
|  17|0x0000000742200000, 0x0000000742200000, 0x0000000742400000|  0%| F|  |TAMS 0x0000000742200000, 0x0000000742200000| Untracked 
|  18|0x0000000742400000, 0x0000000742400000, 0x0000000742600000|  0%| F|  |TAMS 0x0000000742400000, 0x0000000742400000| Untracked 
|  19|0x0000000742600000, 0x0000000742600000, 0x0000000742800000|  0%| F|  |TAMS 0x0000000742600000, 0x0000000742600000| Untracked 
|  20|0x0000000742800000, 0x00000007429ac9e8, 0x0000000742a00000| 83%| S|CS|TAMS 0x0000000742800000, 0x0000000742800000| Complete 
|  21|0x0000000742a00000, 0x0000000742a00000, 0x0000000742c00000|  0%| F|  |TAMS 0x0000000742a00000, 0x0000000742a00000| Untracked 
|  22|0x0000000742c00000, 0x0000000742c00000, 0x0000000742e00000|  0%| F|  |TAMS 0x0000000742c00000, 0x0000000742c00000| Untracked 
|  23|0x0000000742e00000, 0x0000000742e00000, 0x0000000743000000|  0%| F|  |TAMS 0x0000000742e00000, 0x0000000742e00000| Untracked 
|  24|0x0000000743000000, 0x0000000743000000, 0x0000000743200000|  0%| F|  |TAMS 0x0000000743000000, 0x0000000743000000| Untracked 
|  25|0x0000000743200000, 0x0000000743200000, 0x0000000743400000|  0%| F|  |TAMS 0x0000000743200000, 0x0000000743200000| Untracked 
|  26|0x0000000743400000, 0x0000000743400000, 0x0000000743600000|  0%| F|  |TAMS 0x0000000743400000, 0x0000000743400000| Untracked 
|  27|0x0000000743600000, 0x00000007436ed340, 0x0000000743800000| 46%| E|  |TAMS 0x0000000743600000, 0x0000000743600000| Complete 
|  28|0x0000000743800000, 0x0000000743a00000, 0x0000000743a00000|100%| E|CS|TAMS 0x0000000743800000, 0x0000000743800000| Complete 
|  29|0x0000000743a00000, 0x0000000743c00000, 0x0000000743c00000|100%| E|CS|TAMS 0x0000000743a00000, 0x0000000743a00000| Complete 
|  30|0x0000000743c00000, 0x0000000743e00000, 0x0000000743e00000|100%| E|CS|TAMS 0x0000000743c00000, 0x0000000743c00000| Complete 

Card table byte_map: [0x000002965abb0000,0x000002965b1b0000] _byte_map_base: 0x00000296571b0000

Marking Bits (Prev, Next): (CMBitMap*) 0x0000029641cf3140, (CMBitMap*) 0x0000029641cf3180
 Prev Bits: [0x000002965b7b0000, 0x000002965e7b0000)
 Next Bits: [0x000002965e7b0000, 0x00000296617b0000)

Polling page: 0x0000029641d60000

Metaspace:

Usage:
  Non-class:     11.24 MB used.
      Class:      1.87 MB used.
       Both:     13.11 MB used.

Virtual space:
  Non-class space:       16.00 MB reserved,      11.38 MB ( 71%) committed,  2 nodes.
      Class space:        1.00 GB reserved,       2.00 MB ( <1%) committed,  1 nodes.
             Both:        1.02 GB reserved,      13.38 MB (  1%) committed. 

Chunk freelists:
   Non-Class:  688.00 KB
       Class:  1.95 MB
        Both:  2.62 MB

MaxMetaspaceSize: unlimited
CompressedClassSpaceSize: 1.00 GB
Initial GC threshold: 21.00 MB
Current GC threshold: 21.00 MB
CDS: on
MetaspaceReclaimPolicy: balanced
 - commit_granule_bytes: 65536.
 - commit_granule_words: 8192.
 - virtual_space_node_default_size: 1048576.
 - enlarge_chunks_in_place: 1.
 - new_chunks_are_fully_committed: 0.
 - uncommit_free_chunks: 1.
 - use_allocation_guard: 0.
 - handle_deallocations: 1.


Internal statistics:

num_allocs_failed_limit: 0.
num_arena_births: 138.
num_arena_deaths: 0.
num_vsnodes_births: 3.
num_vsnodes_deaths: 0.
num_space_committed: 214.
num_space_uncommitted: 0.
num_chunks_returned_to_freelist: 0.
num_chunks_taken_from_freelist: 531.
num_chunk_merges: 0.
num_chunk_splits: 371.
num_chunks_enlarged: 288.
num_purges: 0.
num_inconsistent_stats: 0.

CodeHeap 'non-profiled nmethods': size=120000Kb used=972Kb max_used=972Kb free=119027Kb
 bounds [0x0000029652a50000, 0x0000029652cc0000, 0x0000029659f80000]
CodeHeap 'profiled nmethods': size=120000Kb used=4286Kb max_used=4286Kb free=115713Kb
 bounds [0x000002964af80000, 0x000002964b3b0000, 0x00000296524b0000]
CodeHeap 'non-nmethods': size=5760Kb used=1204Kb max_used=1227Kb free=4555Kb
 bounds [0x00000296524b0000, 0x0000029652720000, 0x0000029652a50000]
 total_blobs=2590 nmethods=2077 adapters=426
 compilation: enabled
              stopped_count=0, restarted_count=0
 full_count=0

Compilation events (20 events):
Event: 5.796 Thread 0x0000029663db1f70 2067       3       java.lang.StringLatin1::indexOf (25 bytes)
Event: 5.796 Thread 0x0000029663db1f70 nmethod 2067 0x000002964b3abe10 code [0x000002964b3abfc0, 0x000002964b3ac1c8]
Event: 5.827 Thread 0x0000029663db1f70 2068       3       java.lang.invoke.DirectMethodHandle::maybeCompile (24 bytes)
Event: 5.827 Thread 0x0000029663db1f70 nmethod 2068 0x000002964b3ac290 code [0x000002964b3ac440, 0x000002964b3ac658]
Event: 5.837 Thread 0x0000029663db1f70 2070       3       java.lang.invoke.Invokers$Holder::linkToTargetMethod (10 bytes)
Event: 5.837 Thread 0x0000029663db1f70 nmethod 2070 0x000002964b3ac790 code [0x000002964b3ac940, 0x000002964b3acd98]
Event: 5.889 Thread 0x0000029663db1f70 2072       1       java.lang.invoke.MethodHandleNatives::isPullModeBSM (2 bytes)
Event: 5.889 Thread 0x0000029663db1f70 nmethod 2072 0x0000029652b42f10 code [0x0000029652b430a0, 0x0000029652b43158]
Event: 5.889 Thread 0x0000029663db1f70 2073       3       java.lang.invoke.ConstantCallSite::getTarget (20 bytes)
Event: 5.889 Thread 0x0000029663db1f70 nmethod 2073 0x000002964b3ace90 code [0x000002964b3ad040, 0x000002964b3ad268]
Event: 5.897 Thread 0x0000029663db1f70 2074       3       sun.security.provider.MD5::FF (33 bytes)
Event: 5.898 Thread 0x0000029663db1f70 nmethod 2074 0x000002964b3ad390 code [0x000002964b3ad520, 0x000002964b3ad638]
Event: 5.898 Thread 0x0000029663db1f70 2075       3       sun.security.provider.MD5::GG (33 bytes)
Event: 5.898 Thread 0x0000029663db1f70 nmethod 2075 0x000002964b3ad710 code [0x000002964b3ad8a0, 0x000002964b3ad9b8]
Event: 5.898 Thread 0x0000029663db1f70 2076       3       sun.security.provider.MD5::HH (29 bytes)
Event: 5.898 Thread 0x0000029663db1f70 nmethod 2076 0x000002964b3ada90 code [0x000002964b3adc20, 0x000002964b3add38]
Event: 5.898 Thread 0x0000029663db1f70 2077       3       sun.security.provider.MD5::II (31 bytes)
Event: 5.898 Thread 0x0000029663db1f70 nmethod 2077 0x000002964b3ade10 code [0x000002964b3adfa0, 0x000002964b3ae0b8]
Event: 5.898 Thread 0x0000029663db1f70 2078       3       java.lang.String::encode (48 bytes)
Event: 5.898 Thread 0x0000029663db1f70 nmethod 2078 0x000002964b3ae190 code [0x000002964b3ae380, 0x000002964b3ae6d8]

GC Heap History (10 events):
Event: 2.099 GC heap before
{Heap before GC invocations=0 (full 0):
 garbage-first heap   total 63488K, used 14336K [0x0000000740000000, 0x0000000800000000)
  region size 2048K, 6 young (12288K), 0 survivors (0K)
 Metaspace       used 928K, committed 1088K, reserved 1056768K
  class space    used 73K, committed 128K, reserved 1048576K
}
Event: 2.104 GC heap after
{Heap after GC invocations=1 (full 0):
 garbage-first heap   total 63488K, used 3349K [0x0000000740000000, 0x0000000800000000)
  region size 2048K, 1 young (2048K), 1 survivors (2048K)
 Metaspace       used 928K, committed 1088K, reserved 1056768K
  class space    used 73K, committed 128K, reserved 1048576K
}
Event: 2.638 GC heap before
{Heap before GC invocations=1 (full 0):
 garbage-first heap   total 63488K, used 19733K [0x0000000740000000, 0x0000000800000000)
  region size 2048K, 7 young (14336K), 1 survivors (2048K)
 Metaspace       used 3048K, committed 3200K, reserved 1056768K
  class space    used 385K, committed 448K, reserved 1048576K
}
Event: 2.642 GC heap after
{Heap after GC invocations=2 (full 0):
 garbage-first heap   total 63488K, used 10054K [0x0000000740000000, 0x0000000800000000)
  region size 2048K, 1 young (2048K), 1 survivors (2048K)
 Metaspace       used 3048K, committed 3200K, reserved 1056768K
  class space    used 385K, committed 448K, reserved 1048576K
}
Event: 3.013 GC heap before
{Heap before GC invocations=2 (full 0):
 garbage-first heap   total 63488K, used 26438K [0x0000000740000000, 0x0000000800000000)
  region size 2048K, 9 young (18432K), 1 survivors (2048K)
 Metaspace       used 3840K, committed 4032K, reserved 1056768K
  class space    used 475K, committed 576K, reserved 1048576K
}
Event: 3.016 GC heap after
{Heap after GC invocations=3 (full 0):
 garbage-first heap   total 63488K, used 10581K [0x0000000740000000, 0x0000000800000000)
  region size 2048K, 2 young (4096K), 2 survivors (4096K)
 Metaspace       used 3840K, committed 4032K, reserved 1056768K
  class space    used 475K, committed 576K, reserved 1048576K
}
Event: 4.434 GC heap before
{Heap before GC invocations=3 (full 0):
 garbage-first heap   total 63488K, used 39253K [0x0000000740000000, 0x0000000800000000)
  region size 2048K, 17 young (34816K), 2 survivors (4096K)
 Metaspace       used 8160K, committed 8320K, reserved 1056768K
  class space    used 1098K, committed 1152K, reserved 1048576K
}
Event: 4.443 GC heap after
{Heap after GC invocations=4 (full 0):
 garbage-first heap   total 63488K, used 16753K [0x0000000740000000, 0x0000000800000000)
  region size 2048K, 3 young (6144K), 3 survivors (6144K)
 Metaspace       used 8160K, committed 8320K, reserved 1056768K
  class space    used 1098K, committed 1152K, reserved 1048576K
}
Event: 5.268 GC heap before
{Heap before GC invocations=4 (full 0):
 garbage-first heap   total 63488K, used 35185K [0x0000000740000000, 0x0000000800000000)
  region size 2048K, 13 young (26624K), 3 survivors (6144K)
 Metaspace       used 11947K, committed 12160K, reserved 1064960K
  class space    used 1722K, committed 1792K, reserved 1048576K
}
Event: 5.277 GC heap after
{Heap after GC invocations=5 (full 0):
 garbage-first heap   total 63488K, used 18480K [0x0000000740000000, 0x0000000800000000)
  region size 2048K, 1 young (2048K), 1 survivors (2048K)
 Metaspace       used 11947K, committed 12160K, reserved 1064960K
  class space    used 1722K, committed 1792K, reserved 1048576K
}

Dll operation events (12 events):
Event: 0.169 Loaded shared library C:\Program Files\Eclipse Adoptium\jdk-17.0.6.10-hotspot\bin\java.dll
Event: 0.477 Loaded shared library C:\Program Files\Eclipse Adoptium\jdk-17.0.6.10-hotspot\bin\jsvml.dll
Event: 0.952 Loaded shared library C:\Program Files\Eclipse Adoptium\jdk-17.0.6.10-hotspot\bin\net.dll
Event: 0.978 Loaded shared library C:\Program Files\Eclipse Adoptium\jdk-17.0.6.10-hotspot\bin\nio.dll
Event: 1.017 Loaded shared library C:\Program Files\Eclipse Adoptium\jdk-17.0.6.10-hotspot\bin\zip.dll
Event: 1.940 Loaded shared library C:\Program Files\Eclipse Adoptium\jdk-17.0.6.10-hotspot\bin\jimage.dll
Event: 2.055 Loaded shared library C:\Program Files\Eclipse Adoptium\jdk-17.0.6.10-hotspot\bin\verify.dll
Event: 2.343 Loaded shared library C:\Users\imamm\.gradle\native\e1d6ef7f7dcc3fd88c89a11ec53ec762bb8ba0a96d01ffa2cd45eb1d1d8dd5c5\windows-amd64\native-platform.dll
Event: 2.354 Loaded shared library C:\Users\imamm\.gradle\native\0d407fdbe67a94daf76414ababcb853783967236a71b16ec16e742cd7a986fd3\windows-amd64\native-platform-file-events.dll
Event: 3.772 Loaded shared library C:\Program Files\Eclipse Adoptium\jdk-17.0.6.10-hotspot\bin\management.dll
Event: 3.777 Loaded shared library C:\Program Files\Eclipse Adoptium\jdk-17.0.6.10-hotspot\bin\management_ext.dll
Event: 4.502 Loaded shared library C:\Program Files\Eclipse Adoptium\jdk-17.0.6.10-hotspot\bin\sunmscapi.dll

Deoptimization events (20 events):
Event: 5.496 Thread 0x0000029665e79210 Uncommon trap: trap_request=0xffffff45 fr.pc=0x0000029652ac0efc relative=0x0000000000000a3c
Event: 5.496 Thread 0x0000029665e79210 Uncommon trap: reason=unstable_if action=reinterpret pc=0x0000029652ac0efc method=java.util.regex.Matcher.reset()Ljava/util/regex/Matcher; @ 47 c2
Event: 5.496 Thread 0x0000029665e79210 DEOPT PACKING pc=0x0000029652ac0efc sp=0x0000009be3ef8af0
Event: 5.496 Thread 0x0000029665e79210 DEOPT UNPACKING pc=0x00000296525069a3 sp=0x0000009be3ef8a38 mode 2
Event: 5.496 Thread 0x0000029665e79210 Uncommon trap: trap_request=0xffffff45 fr.pc=0x0000029652a673d4 relative=0x0000000000000474
Event: 5.496 Thread 0x0000029665e79210 Uncommon trap: reason=unstable_if action=reinterpret pc=0x0000029652a673d4 method=java.util.regex.Matcher.match(II)Z @ 76 c2
Event: 5.496 Thread 0x0000029665e79210 DEOPT PACKING pc=0x0000029652a673d4 sp=0x0000009be3ef8af0
Event: 5.496 Thread 0x0000029665e79210 DEOPT UNPACKING pc=0x00000296525069a3 sp=0x0000009be3ef8ac0 mode 2
Event: 5.496 Thread 0x0000029665e79210 Uncommon trap: trap_request=0xffffff45 fr.pc=0x0000029652a655e0 relative=0x00000000000001c0
Event: 5.496 Thread 0x0000029665e79210 Uncommon trap: reason=unstable_if action=reinterpret pc=0x0000029652a655e0 method=java.util.regex.Matcher.reset()Ljava/util/regex/Matcher; @ 47 c2
Event: 5.496 Thread 0x0000029665e79210 DEOPT PACKING pc=0x0000029652a655e0 sp=0x0000009be3ef89c0
Event: 5.496 Thread 0x0000029665e79210 DEOPT UNPACKING pc=0x00000296525069a3 sp=0x0000009be3ef8950 mode 2
Event: 5.628 Thread 0x0000029665e79210 Uncommon trap: trap_request=0xffffff45 fr.pc=0x0000029652a6a854 relative=0x0000000000000b54
Event: 5.628 Thread 0x0000029665e79210 Uncommon trap: reason=unstable_if action=reinterpret pc=0x0000029652a6a854 method=java.io.WinNTFileSystem.resolve(Ljava/lang/String;Ljava/lang/String;)Ljava/lang/String; @ 19 c2
Event: 5.628 Thread 0x0000029665e79210 DEOPT PACKING pc=0x0000029652a6a854 sp=0x0000009be3efb520
Event: 5.628 Thread 0x0000029665e79210 DEOPT UNPACKING pc=0x00000296525069a3 sp=0x0000009be3efb4c8 mode 2
Event: 5.632 Thread 0x0000029665e79210 Uncommon trap: trap_request=0xffffff45 fr.pc=0x0000029652abe5f0 relative=0x00000000000005d0
Event: 5.632 Thread 0x0000029665e79210 Uncommon trap: reason=unstable_if action=reinterpret pc=0x0000029652abe5f0 method=java.io.File.getName()Ljava/lang/String; @ 16 c2
Event: 5.632 Thread 0x0000029665e79210 DEOPT PACKING pc=0x0000029652abe5f0 sp=0x0000009be3efb4c0
Event: 5.632 Thread 0x0000029665e79210 DEOPT UNPACKING pc=0x00000296525069a3 sp=0x0000009be3efb490 mode 2

Classes unloaded (0 events):
No events

Classes redefined (0 events):
No events

Internal exceptions (20 events):
Event: 2.310 Thread 0x0000029641c9ab90 Exception <a 'java/lang/NoSuchMethodError'{0x0000000743960540}: 'void java.lang.invoke.DelegatingMethodHandle$Holder.delegate(java.lang.Object, java.lang.Object, int, java.lang.Object)'> (0x0000000743960540) 
thrown [s\src\hotspot\share\interpreter\linkResolver.cpp, line 759]
Event: 2.310 Thread 0x0000029641c9ab90 Exception <a 'java/lang/NoSuchMethodError'{0x0000000743964708}: 'int java.lang.invoke.DirectMethodHandle$Holder.invokeSpecial(java.lang.Object, java.lang.Object, java.lang.Object)'> (0x0000000743964708) 
thrown [s\src\hotspot\share\interpreter\linkResolver.cpp, line 759]
Event: 2.313 Thread 0x0000029641c9ab90 Exception <a 'java/lang/NoSuchMethodError'{0x0000000743977fe0}: 'java.lang.Object java.lang.invoke.Invokers$Holder.invokeExact_MT(java.lang.Object, java.lang.Object, java.lang.Object, java.lang.Object)'> (0x0000000743977fe0) 
thrown [s\src\hotspot\share\interpreter\linkResolver.cpp, line 759]
Event: 2.699 Thread 0x0000029641c9ab90 Exception <a 'java/lang/NoSuchMethodError'{0x0000000743d9ff48}: 'void java.lang.invoke.DirectMethodHandle$Holder.invokeInterface(java.lang.Object, java.lang.Object, java.lang.Object)'> (0x0000000743d9ff48) 
thrown [s\src\hotspot\share\interpreter\linkResolver.cpp, line 759]
Event: 3.767 Thread 0x0000029641c9ab90 Exception <a 'java/lang/NoSuchMethodError'{0x00000007425d1730}: 'java.lang.Object java.lang.invoke.DirectMethodHandle$Holder.invokeStaticInit(java.lang.Object)'> (0x00000007425d1730) 
thrown [s\src\hotspot\share\interpreter\linkResolver.cpp, line 759]
Event: 4.019 Thread 0x0000029641c9ab90 Exception <a 'java/lang/NoSuchMethodError'{0x0000000741ef4398}: 'java.lang.Object java.lang.invoke.DirectMethodHandle$Holder.invokeStaticInit(java.lang.Object, int, int, int, int)'> (0x0000000741ef4398) 
thrown [s\src\hotspot\share\interpreter\linkResolver.cpp, line 759]
Event: 4.130 Thread 0x0000029641c9ab90 Exception <a 'java/lang/NoSuchMethodError'{0x0000000741f302b0}: 'java.lang.Object java.lang.invoke.DirectMethodHandle$Holder.invokeStaticInit(java.lang.Object, java.lang.Object, int, int, int, int)'> (0x0000000741f302b0) 
thrown [s\src\hotspot\share\interpreter\linkResolver.cpp, line 759]
Event: 4.359 Thread 0x0000029641c9ab90 Exception <a 'java/lang/NoSuchMethodError'{0x0000000741c6b3e0}: 'void java.lang.invoke.DirectMethodHandle$Holder.invokeStatic(java.lang.Object, java.lang.Object, java.lang.Object)'> (0x0000000741c6b3e0) 
thrown [s\src\hotspot\share\interpreter\linkResolver.cpp, line 759]
Event: 4.416 Thread 0x0000029641c9ab90 Exception <a 'java/io/IOException'{0x0000000741d0a2f8}> (0x0000000741d0a2f8) 
thrown [s\src\hotspot\share\prims\jni.cpp, line 516]
Event: 4.697 Thread 0x0000029665e79210 Exception <a 'java/lang/NoSuchMethodError'{0x00000007438ee700}: 'long java.lang.invoke.DirectMethodHandle$Holder.invokeInterface(java.lang.Object, java.lang.Object)'> (0x00000007438ee700) 
thrown [s\src\hotspot\share\interpreter\linkResolver.cpp, line 759]
Event: 4.699 Thread 0x0000029665e79210 Exception <a 'java/lang/NoSuchMethodError'{0x00000007438fcae8}: 'void java.lang.invoke.DelegatingMethodHandle$Holder.reinvoke_L(java.lang.Object, java.lang.Object, java.lang.Object, java.lang.Object, java.lang.Object, java.lang.Object, java.lang.Object)'> (0x00000007438fcae8) 
thrown [s\src\hotspot\share\interpreter\linkResolver.cpp, line 759]
Event: 5.184 Thread 0x0000029665e79210 Exception <a 'java/lang/NoSuchMethodError'{0x0000000742af17b8}: 'void java.lang.invoke.DirectMethodHandle$Holder.invokeStaticInit(java.lang.Object)'> (0x0000000742af17b8) 
thrown [s\src\hotspot\share\interpreter\linkResolver.cpp, line 759]
Event: 5.195 Thread 0x0000029665e79210 Exception <a 'java/lang/NoSuchMethodError'{0x0000000742b08940}: 'void java.lang.invoke.DirectMethodHandle$Holder.invokeSpecial(java.lang.Object, java.lang.Object, java.lang.Object)'> (0x0000000742b08940) 
thrown [s\src\hotspot\share\interpreter\linkResolver.cpp, line 759]
Event: 5.233 Thread 0x0000029665e79210 Exception <a 'java/lang/NoSuchMethodError'{0x0000000742b93a90}: 'java.lang.Object java.lang.invoke.DirectMethodHandle$Holder.newInvokeSpecial(java.lang.Object, java.lang.Object, java.lang.Object, int)'> (0x0000000742b93a90) 
thrown [s\src\hotspot\share\interpreter\linkResolver.cpp, line 759]
Event: 5.239 Thread 0x0000029665e79210 Exception <a 'java/lang/NoSuchMethodError'{0x0000000742b98910}: 'java.lang.Object java.lang.invoke.DirectMethodHandle$Holder.invokeSpecial(java.lang.Object, java.lang.Object, java.lang.Object, java.lang.Object, int)'> (0x0000000742b98910) 
thrown [s\src\hotspot\share\interpreter\linkResolver.cpp, line 759]
Event: 5.240 Thread 0x0000029665e79210 Exception <a 'java/lang/NoSuchMethodError'{0x0000000742b9cf78}: 'java.lang.Object java.lang.invoke.Invokers$Holder.linkToTargetMethod(java.lang.Object, java.lang.Object, int, java.lang.Object)'> (0x0000000742b9cf78) 
thrown [s\src\hotspot\share\interpreter\linkResolver.cpp, line 759]
Event: 5.705 Thread 0x0000029665e79210 Exception <a 'java/lang/NoSuchMethodError'{0x0000000743b892b0}: 'java.lang.Object java.lang.invoke.DirectMethodHandle$Holder.newInvokeSpecial(java.lang.Object, java.lang.Object, java.lang.Object, java.lang.Object, java.lang.Object)'> (0x0000000743b892b0) 
thrown [s\src\hotspot\share\interpreter\linkResolver.cpp, line 759]
Event: 5.826 Thread 0x0000029665e79210 Exception <a 'java/lang/NoSuchMethodError'{0x0000000743884a18}: 'int java.lang.invoke.DirectMethodHandle$Holder.invokeSpecialIFC(java.lang.Object, java.lang.Object, java.lang.Object, java.lang.Object)'> (0x0000000743884a18) 
thrown [s\src\hotspot\share\interpreter\linkResolver.cpp, line 759]
Event: 5.835 Thread 0x0000029665e79210 Exception <a 'java/lang/NoSuchMethodError'{0x0000000743893a70}: 'java.lang.Object java.lang.invoke.DirectMethodHandle$Holder.invokeInterface(java.lang.Object, java.lang.Object, java.lang.Object)'> (0x0000000743893a70) 
thrown [s\src\hotspot\share\interpreter\linkResolver.cpp, line 759]
Event: 5.835 Thread 0x0000029665e79210 Exception <a 'java/lang/IncompatibleClassChangeError'{0x0000000743897948}: Found class java.lang.Object, but interface was expected> (0x0000000743897948) 
thrown [s\src\hotspot\share\interpreter\linkResolver.cpp, line 826]

VM Operations (20 events):
Event: 4.053 Executing VM operation: Cleanup
Event: 4.053 Executing VM operation: Cleanup done
Event: 4.124 Executing VM operation: HandshakeAllThreads
Event: 4.124 Executing VM operation: HandshakeAllThreads done
Event: 4.357 Executing VM operation: HandshakeAllThreads
Event: 4.357 Executing VM operation: HandshakeAllThreads done
Event: 4.434 Executing VM operation: G1CollectForAllocation
Event: 4.443 Executing VM operation: G1CollectForAllocation done
Event: 4.459 Executing VM operation: HandshakeAllThreads
Event: 4.459 Executing VM operation: HandshakeAllThreads done
Event: 4.951 Executing VM operation: HandshakeAllThreads
Event: 4.951 Executing VM operation: HandshakeAllThreads done
Event: 4.951 Executing VM operation: HandshakeAllThreads
Event: 4.951 Executing VM operation: HandshakeAllThreads done
Event: 5.268 Executing VM operation: G1CollectForAllocation
Event: 5.277 Executing VM operation: G1CollectForAllocation done
Event: 5.648 Executing VM operation: HandshakeAllThreads
Event: 5.648 Executing VM operation: HandshakeAllThreads done
Event: 5.648 Executing VM operation: HandshakeAllThreads
Event: 5.648 Executing VM operation: HandshakeAllThreads done

Events (20 events):
Event: 5.808 loading class java/util/concurrent/locks/ReadWriteLock
Event: 5.808 loading class java/util/concurrent/locks/ReadWriteLock done
Event: 5.812 loading class java/nio/file/FileVisitor
Event: 5.812 loading class java/nio/file/FileVisitor done
Event: 5.812 loading class java/nio/file/FileVisitOption
Event: 5.819 loading class java/nio/file/FileVisitOption done
Event: 5.836 loading class java/util/stream/ReduceOps$1
Event: 5.836 loading class java/util/stream/ReduceOps$1 done
Event: 5.836 loading class java/util/stream/ReduceOps$1ReducingSink
Event: 5.836 loading class java/util/stream/ReduceOps$1ReducingSink done
Event: 5.850 loading class java/io/ObjectOutputStream
Event: 5.852 loading class java/io/ObjectOutput
Event: 5.852 loading class java/io/ObjectOutput done
Event: 5.852 loading class java/io/ObjectStreamConstants
Event: 5.853 loading class java/io/ObjectStreamConstants done
Event: 5.853 loading class java/io/ObjectOutputStream done
Event: 5.853 loading class java/io/ObjectInputStream
Event: 5.854 loading class java/io/ObjectInput
Event: 5.855 loading class java/io/ObjectInput done
Event: 5.855 loading class java/io/ObjectInputStream done


Dynamic libraries:
0x00007ff662200000 - 0x00007ff66220e000 	C:\Program Files\Eclipse Adoptium\jdk-17.0.6.10-hotspot\bin\java.exe
0x00007ff9b3af0000 - 0x00007ff9b3d04000 	C:\WINDOWS\SYSTEM32\ntdll.dll
0x00007ff9b1f80000 - 0x00007ff9b2043000 	C:\WINDOWS\System32\KERNEL32.DLL
0x00007ff9b14e0000 - 0x00007ff9b187c000 	C:\WINDOWS\System32\KERNELBASE.dll
0x00007ff9b1160000 - 0x00007ff9b1271000 	C:\WINDOWS\System32\ucrtbase.dll
0x00007ff9ac3a0000 - 0x00007ff9ac3b7000 	C:\Program Files\Eclipse Adoptium\jdk-17.0.6.10-hotspot\bin\jli.dll
0x00007ff9aaea0000 - 0x00007ff9aaeb9000 	C:\Program Files\Eclipse Adoptium\jdk-17.0.6.10-hotspot\bin\VCRUNTIME140.dll
0x00007ff9b3080000 - 0x00007ff9b322d000 	C:\WINDOWS\System32\USER32.dll
0x00007ff9b14b0000 - 0x00007ff9b14d6000 	C:\WINDOWS\System32\win32u.dll
0x00007ff9b2ca0000 - 0x00007ff9b2cc9000 	C:\WINDOWS\System32\GDI32.dll
0x00007ff9b0fa0000 - 0x00007ff9b10b3000 	C:\WINDOWS\System32\gdi32full.dll
0x00007ff9b10c0000 - 0x00007ff9b115a000 	C:\WINDOWS\System32\msvcp_win.dll
0x00007ff99e640000 - 0x00007ff99e8ce000 	C:\WINDOWS\WinSxS\amd64_microsoft.windows.common-controls_6595b64144ccf1df_6.0.22621.608_none_a9444ca7c10bb01d\COMCTL32.dll
0x00007ff9b2d80000 - 0x00007ff9b2e27000 	C:\WINDOWS\System32\msvcrt.dll
0x00007ff9b2220000 - 0x00007ff9b2251000 	C:\WINDOWS\System32\IMM32.DLL
0x00007ff9ac420000 - 0x00007ff9ac42c000 	C:\Program Files\Eclipse Adoptium\jdk-17.0.6.10-hotspot\bin\vcruntime140_1.dll
0x00007ff9859d0000 - 0x00007ff985a61000 	C:\Program Files\Eclipse Adoptium\jdk-17.0.6.10-hotspot\bin\msvcp140.dll
0x00007ff946fa0000 - 0x00007ff947be7000 	C:\Program Files\Eclipse Adoptium\jdk-17.0.6.10-hotspot\bin\server\jvm.dll
0x00007ff9b2cd0000 - 0x00007ff9b2d7e000 	C:\WINDOWS\System32\ADVAPI32.dll
0x00007ff9b1a50000 - 0x00007ff9b1af4000 	C:\WINDOWS\System32\sechost.dll
0x00007ff9b2e30000 - 0x00007ff9b2f45000 	C:\WINDOWS\System32\RPCRT4.dll
0x00007ff9a10e0000 - 0x00007ff9a10e9000 	C:\WINDOWS\SYSTEM32\WSOCK32.dll
0x00007ff9a9f70000 - 0x00007ff9a9fa4000 	C:\WINDOWS\SYSTEM32\WINMM.dll
0x00007ff9a7970000 - 0x00007ff9a797a000 	C:\WINDOWS\SYSTEM32\VERSION.dll
0x00007ff9b2c20000 - 0x00007ff9b2c91000 	C:\WINDOWS\System32\WS2_32.dll
0x00007ff9aff80000 - 0x00007ff9aff98000 	C:\WINDOWS\SYSTEM32\kernel.appcore.dll
0x00007ff9aac80000 - 0x00007ff9aac8a000 	C:\Program Files\Eclipse Adoptium\jdk-17.0.6.10-hotspot\bin\jimage.dll
0x00007ff9a8430000 - 0x00007ff9a865e000 	C:\WINDOWS\SYSTEM32\DBGHELP.DLL
0x00007ff9b1bf0000 - 0x00007ff9b1f79000 	C:\WINDOWS\System32\combase.dll
0x00007ff9b25d0000 - 0x00007ff9b26a7000 	C:\WINDOWS\System32\OLEAUT32.dll
0x00007ff991c70000 - 0x00007ff991ca2000 	C:\WINDOWS\SYSTEM32\dbgcore.DLL
0x00007ff9b1880000 - 0x00007ff9b18fb000 	C:\WINDOWS\System32\bcryptPrimitives.dll
0x00007ff9aa400000 - 0x00007ff9aa425000 	C:\Program Files\Eclipse Adoptium\jdk-17.0.6.10-hotspot\bin\java.dll
0x00007ff9858f0000 - 0x00007ff9859c6000 	C:\Program Files\Eclipse Adoptium\jdk-17.0.6.10-hotspot\bin\jsvml.dll
0x00007ff9b3260000 - 0x00007ff9b3a50000 	C:\WINDOWS\System32\SHELL32.dll
0x00007ff9aef40000 - 0x00007ff9af80e000 	C:\WINDOWS\SYSTEM32\windows.storage.dll
0x00007ff9aee00000 - 0x00007ff9aef3e000 	C:\WINDOWS\SYSTEM32\wintypes.dll
0x00007ff9b1900000 - 0x00007ff9b19f1000 	C:\WINDOWS\System32\SHCORE.dll
0x00007ff9b1b90000 - 0x00007ff9b1bee000 	C:\WINDOWS\System32\shlwapi.dll
0x00007ff9b0e60000 - 0x00007ff9b0e81000 	C:\WINDOWS\SYSTEM32\profapi.dll
0x00007ff9aa3e0000 - 0x00007ff9aa3f9000 	C:\Program Files\Eclipse Adoptium\jdk-17.0.6.10-hotspot\bin\net.dll
0x00007ff9a94d0000 - 0x00007ff9a95ff000 	C:\WINDOWS\SYSTEM32\WINHTTP.dll
0x00007ff9b03f0000 - 0x00007ff9b0459000 	C:\WINDOWS\system32\mswsock.dll
0x00007ff9aa390000 - 0x00007ff9aa3a5000 	C:\Program Files\Eclipse Adoptium\jdk-17.0.6.10-hotspot\bin\nio.dll
0x00007ff98b270000 - 0x00007ff98b288000 	C:\Program Files\Eclipse Adoptium\jdk-17.0.6.10-hotspot\bin\zip.dll
0x00007ff9aa3d0000 - 0x00007ff9aa3e0000 	C:\Program Files\Eclipse Adoptium\jdk-17.0.6.10-hotspot\bin\verify.dll
0x00007ff97ea20000 - 0x00007ff97ea47000 	C:\Users\imamm\.gradle\native\e1d6ef7f7dcc3fd88c89a11ec53ec762bb8ba0a96d01ffa2cd45eb1d1d8dd5c5\windows-amd64\native-platform.dll
0x00007ff95c2a0000 - 0x00007ff95c3e4000 	C:\Users\imamm\.gradle\native\0d407fdbe67a94daf76414ababcb853783967236a71b16ec16e742cd7a986fd3\windows-amd64\native-platform-file-events.dll
0x00007ff9aa380000 - 0x00007ff9aa389000 	C:\Program Files\Eclipse Adoptium\jdk-17.0.6.10-hotspot\bin\management.dll
0x00007ff99dff0000 - 0x00007ff99dffb000 	C:\Program Files\Eclipse Adoptium\jdk-17.0.6.10-hotspot\bin\management_ext.dll
0x00007ff9b2f50000 - 0x00007ff9b2f58000 	C:\WINDOWS\System32\PSAPI.DLL
0x00007ff9b0650000 - 0x00007ff9b066b000 	C:\WINDOWS\SYSTEM32\CRYPTSP.dll
0x00007ff9afef0000 - 0x00007ff9aff25000 	C:\WINDOWS\system32\rsaenh.dll
0x00007ff9b04f0000 - 0x00007ff9b0518000 	C:\WINDOWS\SYSTEM32\USERENV.dll
0x00007ff9b0810000 - 0x00007ff9b0838000 	C:\WINDOWS\SYSTEM32\bcrypt.dll
0x00007ff9b0670000 - 0x00007ff9b067c000 	C:\WINDOWS\SYSTEM32\CRYPTBASE.dll
0x00007ff9afa60000 - 0x00007ff9afa8d000 	C:\WINDOWS\SYSTEM32\IPHLPAPI.DLL
0x00007ff9b2790000 - 0x00007ff9b2799000 	C:\WINDOWS\System32\NSI.dll
0x00007ff9aa2d0000 - 0x00007ff9aa2e9000 	C:\WINDOWS\SYSTEM32\dhcpcsvc6.DLL
0x00007ff9a94b0000 - 0x00007ff9a94cf000 	C:\WINDOWS\SYSTEM32\dhcpcsvc.DLL
0x00007ff9afad0000 - 0x00007ff9afbc3000 	C:\WINDOWS\SYSTEM32\DNSAPI.dll
0x00007ff99df00000 - 0x00007ff99df0e000 	C:\Program Files\Eclipse Adoptium\jdk-17.0.6.10-hotspot\bin\sunmscapi.dll
0x00007ff9b1340000 - 0x00007ff9b14a6000 	C:\WINDOWS\System32\CRYPT32.dll
0x00007ff9b07e0000 - 0x00007ff9b080d000 	C:\WINDOWS\SYSTEM32\ncrypt.dll
0x00007ff9b07a0000 - 0x00007ff9b07d7000 	C:\WINDOWS\SYSTEM32\NTASN1.dll
0x00007ff975450000 - 0x00007ff975458000 	C:\WINDOWS\system32\wshunix.dll

dbghelp: loaded successfully - version: 4.0.5 - missing functions: none
symbol engine: initialized successfully - sym options: 0x614 - pdb path: .;C:\Program Files\Eclipse Adoptium\jdk-17.0.6.10-hotspot\bin;C:\WINDOWS\SYSTEM32;C:\WINDOWS\WinSxS\amd64_microsoft.windows.common-controls_6595b64144ccf1df_6.0.22621.608_none_a9444ca7c10bb01d;C:\Program Files\Eclipse Adoptium\jdk-17.0.6.10-hotspot\bin\server;C:\Users\imamm\.gradle\native\e1d6ef7f7dcc3fd88c89a11ec53ec762bb8ba0a96d01ffa2cd45eb1d1d8dd5c5\windows-amd64;C:\Users\imamm\.gradle\native\0d407fdbe67a94daf76414ababcb853783967236a71b16ec16e742cd7a986fd3\windows-amd64

VM Arguments:
jvm_args: --add-opens=java.base/java.util=ALL-UNNAMED --add-opens=java.base/java.lang=ALL-UNNAMED --add-opens=java.base/java.lang.invoke=ALL-UNNAMED --add-opens=java.base/java.util=ALL-UNNAMED --add-opens=java.prefs/java.util.prefs=ALL-UNNAMED --add-opens=java.prefs/java.util.prefs=ALL-UNNAMED --add-opens=java.base/java.nio.charset=ALL-UNNAMED --add-opens=java.base/java.net=ALL-UNNAMED --add-opens=java.base/java.util.concurrent.atomic=ALL-UNNAMED -Xmx3G -Dfile.encoding=windows-1252 -Duser.country=ID -Duser.language=en -Duser.variant 
java_command: org.gradle.launcher.daemon.bootstrap.GradleDaemon 7.4.2
java_class_path (initial): C:\Users\imamm\.gradle\wrapper\dists\gradle-7.4.2-bin\48ivgl02cpt2ed3fh9dbalvx8\gradle-7.4.2\lib\gradle-launcher-7.4.2.jar
Launcher Type: SUN_STANDARD

[Global flags]
     intx CICompilerCount                          = 3                                         {product} {ergonomic}
     uint ConcGCThreads                            = 1                                         {product} {ergonomic}
     uint G1ConcRefinementThreads                  = 4                                         {product} {ergonomic}
   size_t G1HeapRegionSize                         = 2097152                                   {product} {ergonomic}
    uintx GCDrainStackTargetSize                   = 64                                        {product} {ergonomic}
   size_t InitialHeapSize                          = 65011712                                  {product} {ergonomic}
   size_t MarkStackSize                            = 4194304                                   {product} {ergonomic}
   size_t MaxHeapSize                              = 3221225472                                {product} {command line}
   size_t MaxNewSize                               = 1931476992                                {product} {ergonomic}
   size_t MinHeapDeltaBytes                        = 2097152                                   {product} {ergonomic}
   size_t MinHeapSize                              = 8388608                                   {product} {ergonomic}
    uintx NonNMethodCodeHeapSize                   = 5832780                                {pd product} {ergonomic}
    uintx NonProfiledCodeHeapSize                  = 122912730                              {pd product} {ergonomic}
    uintx ProfiledCodeHeapSize                     = 122912730                              {pd product} {ergonomic}
    uintx ReservedCodeCacheSize                    = 251658240                              {pd product} {ergonomic}
     bool SegmentedCodeCache                       = true                                      {product} {ergonomic}
   size_t SoftMaxHeapSize                          = 3221225472                             {manageable} {ergonomic}
     bool UseCompressedClassPointers               = true                           {product lp64_product} {ergonomic}
     bool UseCompressedOops                        = true                           {product lp64_product} {ergonomic}
     bool UseG1GC                                  = true                                      {product} {ergonomic}
     bool UseLargePagesIndividualAllocation        = false                                  {pd product} {ergonomic}

Logging:
Log output configuration:
 #0: stdout all=warning uptime,level,tags
 #1: stderr all=off uptime,level,tags

Environment Variables:
PATH=C:\Program Files\Eclipse Adoptium\jdk-17.0.6.10-hotspot\bin;C:\WINDOWS\system32;C:\WINDOWS;C:\WINDOWS\System32\Wbem;C:\WINDOWS\System32\WindowsPowerShell\v1.0\;C:\WINDOWS\System32\OpenSSH\;C:\Users\imamm\AppData\Local\Microsoft\WindowsApps;
USERNAME=imamm
OS=Windows_NT
PROCESSOR_IDENTIFIER=Intel64 Family 6 Model 142 Stepping 12, GenuineIntel
TMP=C:\Users\imamm\AppData\Local\Temp
TEMP=C:\Users\imamm\AppData\Local\Temp



---------------  S Y S T E M  ---------------

OS:
 Windows 11 , 64 bit Build 22621 (10.0.22621.1344)
OS uptime: 1 days 2:50 hours

CPU: total 4 (initial active 4) (2 cores per cpu, 2 threads per core) family 6 model 142 stepping 12 microcode 0xf0, cx8, cmov, fxsr, ht, mmx, 3dnowpref, sse, sse2, sse3, ssse3, sse4.1, sse4.2, popcnt, lzcnt, tsc, tscinvbit, avx, avx2, aes, erms, clmul, bmi1, bmi2, adx, fma, vzeroupper, clflush, clflushopt

Memory: 4k page, system-wide physical 3930M (151M free)
TotalPageFile size 16218M (AvailPageFile size 6M)
current process WorkingSet (physical memory assigned to process): 141M, peak: 141M
current process commit charge ("private bytes"): 185M, peak: 187M

vm_info: OpenJDK 64-Bit Server VM (17.0.6+10) for windows-amd64 JRE (17.0.6+10), built on Jan 18 2023 10:08:59 by "temurin" with MS VC++ 16.7 (VS2019)

END.
